build/library/readmoreoption/intermediates/manifest_merge_blame_file/debug/manifest-merger-blame-debug-report.txt
1<?xml version="1.0" encoding="utf-8"?>
2<!--
3  ~  Copyright (c) 2018 Deven.
4  ~  Licensed under the Apache License, Version 2.0 (the "License");
5  ~  you may not use this file except in compliance with the License.
6  ~  You may obtain a copy of the License at
7  ~
8  ~  http://www.apache.org/licenses/LICENSE-2.0
9  ~
10  ~  Unless required by applicable law or agreed to in writing, software
11  ~  distributed under the License is distributed on an "AS IS" BASIS,
12  ~  WITHOUT WARRANTIES OR CONDITIONS OF ANY KIND, either express or implied.
13  ~  See the License for the specific language governing permissions and
14  ~  limitations under the License.
15-->
16<manifest xmlns:android="http://schemas.android.com/apk/res/android"
17    package="com.devs.readmoreoption" >
18
19    <uses-sdk
20        android:minSdkVersion="23"
20-->src\main\AndroidManifest.xml
21        android:targetSdkVersion="34" />
21-->src\main\AndroidManifest.xml
22
23</manifest>